<?xml version="1.0" encoding="UTF-8"?>
<!-- Generated by org.testng.reporters.JUnitReportReporter -->
<testsuite skipped="0" hostname="Benny-computer" name="testcases.HappyFlowTest" tests="1" failures="0" timestamp="21 Nov 2018 22:23:42 GMT" time="17.369" errors="0">
  <testcase name="succesTest" time="17.369" classname="testcases.HappyFlowTest"/>
</testsuite> <!-- testcases.HappyFlowTest -->
